DEBUG qtp827084938-14 freemarker.cache - Couldn't find template in cache for "org/apache/struts2/dispatcher/error.ftl"("zh_CN", UTF-8, parsed); will try to load it.
  DEBUG qtp827084938-14 freemarker.cache - TemplateLoader.findTemplateSource("org/apache/struts2/dispatcher/error.ftl"): Found
  DEBUG qtp827084938-14 freemarker.cache - Loading template for "org/apache/struts2/dispatcher/error.ftl"("zh_CN", UTF-8, parsed) from "jar:file:/D:/j2ee_solution/mvn_repository/org/apache/struts/struts2-core/2.5.8/struts2-core-2.5.8.jar!/org/apache/struts2/dispatcher/error.ftl"
  DEBUG qtp827084938-14 freemarker.cache - Couldn't find template in cache for "org/apache/struts2/dispatcher/error.ftl"("zh_CN", UTF-8, parsed); will try to load it.
  DEBUG qtp827084938-14 freemarker.cache - TemplateLoader.findTemplateSource("org/apache/struts2/dispatcher/error.ftl"): Found
  DEBUG qtp827084938-14 freemarker.cache - Loading template for "org/apache/struts2/dispatcher/error.ftl"("zh_CN", UTF-8, parsed) from "jar:file:/D:/j2ee_solution/mvn_repository/org/apache/struts/struts2-core/2.5.8/struts2-core-2.5.8.jar!/org/apache/struts2/dispatcher/error.ftl"
  DEBUG qtp827084938-14 freemarker.cache - Couldn't find template in cache for "org/apache/struts2/dispatcher/error.ftl"("zh_CN", UTF-8, parsed); will try to load it.
  DEBUG qtp827084938-14 freemarker.cache - TemplateLoader.findTemplateSource("org/apache/struts2/dispatcher/error.ftl"): Found
  DEBUG qtp827084938-14 freemarker.cache - Loading template for "org/apache/struts2/dispatcher/error.ftl"("zh_CN", UTF-8, parsed) from "jar:file:/D:/j2ee_solution/mvn_repository/org/apache/struts/struts2-core/2.5.8/struts2-core-2.5.8.jar!/org/apache/struts2/dispatcher/error.ftl"
  DEBUG qtp827084938-15 freemarker.cache - Couldn't find template in cache for "org/apache/struts2/dispatcher/error.ftl"("zh_CN", UTF-8, parsed); will try to load it.
  DEBUG qtp827084938-15 freemarker.cache - TemplateLoader.findTemplateSource("org/apache/struts2/dispatcher/error.ftl"): Found
  DEBUG qtp827084938-15 freemarker.cache - Loading template for "org/apache/struts2/dispatcher/error.ftl"("zh_CN", UTF-8, parsed) from "jar:file:/D:/j2ee_solution/mvn_repository/org/apache/struts/struts2-core/2.5.8/struts2-core-2.5.8.jar!/org/apache/struts2/dispatcher/error.ftl"
  DEBUG qtp827084938-16 freemarker.cache - Couldn't find template in cache for "org/apache/struts2/dispatcher/error.ftl"("zh_CN", UTF-8, parsed); will try to load it.
  DEBUG qtp827084938-16 freemarker.cache - TemplateLoader.findTemplateSource("org/apache/struts2/dispatcher/error.ftl"): Found
  DEBUG qtp827084938-16 freemarker.cache - Loading template for "org/apache/struts2/dispatcher/error.ftl"("zh_CN", UTF-8, parsed) from "jar:file:/D:/j2ee_solution/mvn_repository/org/apache/struts/struts2-core/2.5.8/struts2-core-2.5.8.jar!/org/apache/struts2/dispatcher/error.ftl"
  DEBUG qtp827084938-12 freemarker.cache - Couldn't find template in cache for "org/apache/struts2/dispatcher/error.ftl"("zh_CN", UTF-8, parsed); will try to load it.
  DEBUG qtp827084938-12 freemarker.cache - TemplateLoader.findTemplateSource("org/apache/struts2/dispatcher/error.ftl"): Found
  DEBUG qtp827084938-12 freemarker.cache - Loading template for "org/apache/struts2/dispatcher/error.ftl"("zh_CN", UTF-8, parsed) from "jar:file:/D:/j2ee_solution/mvn_repository/org/apache/struts/struts2-core/2.5.8/struts2-core-2.5.8.jar!/org/apache/struts2/dispatcher/error.ftl"
  DEBUG qtp827084938-17 freemarker.cache - Couldn't find template in cache for "org/apache/struts2/dispatcher/error.ftl"("zh_CN", UTF-8, parsed); will try to load it.
  DEBUG qtp827084938-17 freemarker.cache - TemplateLoader.findTemplateSource("org/apache/struts2/dispatcher/error.ftl"): Found
  DEBUG qtp827084938-17 freemarker.cache - Loading template for "org/apache/struts2/dispatcher/error.ftl"("zh_CN", UTF-8, parsed) from "jar:file:/D:/j2ee_solution/mvn_repository/org/apache/struts/struts2-core/2.5.8/struts2-core-2.5.8.jar!/org/apache/struts2/dispatcher/error.ftl"
  DEBUG qtp827084938-11 freemarker.cache - Couldn't find template in cache for "org/apache/struts2/dispatcher/error.ftl"("zh_CN", UTF-8, parsed); will try to load it.
  DEBUG qtp827084938-11 freemarker.cache - TemplateLoader.findTemplateSource("org/apache/struts2/dispatcher/error.ftl"): Found
  DEBUG qtp827084938-11 freemarker.cache - Loading template for "org/apache/struts2/dispatcher/error.ftl"("zh_CN", UTF-8, parsed) from "jar:file:/D:/j2ee_solution/mvn_repository/org/apache/struts/struts2-core/2.5.8/struts2-core-2.5.8.jar!/org/apache/struts2/dispatcher/error.ftl"
  DEBUG qtp827084938-18 freemarker.cache - Couldn't find template in cache for "org/apache/struts2/dispatcher/error.ftl"("zh_CN", UTF-8, parsed); will try to load it.
  DEBUG qtp827084938-18 freemarker.cache - TemplateLoader.findTemplateSource("org/apache/struts2/dispatcher/error.ftl"): Found
  DEBUG qtp827084938-18 freemarker.cache - Loading template for "org/apache/struts2/dispatcher/error.ftl"("zh_CN", UTF-8, parsed) from "jar:file:/D:/j2ee_solution/mvn_repository/org/apache/struts/struts2-core/2.5.8/struts2-core-2.5.8.jar!/org/apache/struts2/dispatcher/error.ftl"
  DEBUG qtp827084938-16 freemarker.cache - Couldn't find template in cache for "org/apache/struts2/dispatcher/error.ftl"("zh_CN", UTF-8, parsed); will try to load it.
  DEBUG qtp827084938-16 freemarker.cache - TemplateLoader.findTemplateSource("org/apache/struts2/dispatcher/error.ftl"): Found
  DEBUG qtp827084938-16 freemarker.cache - Loading template for "org/apache/struts2/dispatcher/error.ftl"("zh_CN", UTF-8, parsed) from "jar:file:/D:/j2ee_solution/mvn_repository/org/apache/struts/struts2-core/2.5.8/struts2-core-2.5.8.jar!/org/apache/struts2/dispatcher/error.ftl"
  DEBUG qtp827084938-14 freemarker.cache - Couldn't find template in cache for "org/apache/struts2/dispatcher/error.ftl"("zh_CN", UTF-8, parsed); will try to load it.
  DEBUG qtp827084938-14 freemarker.cache - TemplateLoader.findTemplateSource("org/apache/struts2/dispatcher/error.ftl"): Found
  DEBUG qtp827084938-14 freemarker.cache - Loading template for "org/apache/struts2/dispatcher/error.ftl"("zh_CN", UTF-8, parsed) from "jar:file:/D:/j2ee_solution/mvn_repository/org/apache/struts/struts2-core/2.5.8/struts2-core-2.5.8.jar!/org/apache/struts2/dispatcher/error.ftl"
  DEBUG qtp552936351-19 freemarker.cache - Couldn't find template in cache for "org/apache/struts2/dispatcher/error.ftl"("zh_CN", UTF-8, parsed); will try to load it.
  DEBUG qtp552936351-19 freemarker.cache - TemplateLoader.findTemplateSource("org/apache/struts2/dispatcher/error.ftl"): Found
  DEBUG qtp552936351-19 freemarker.cache - Loading template for "org/apache/struts2/dispatcher/error.ftl"("zh_CN", UTF-8, parsed) from "jar:file:/D:/j2ee_solution/mvn_repository/org/apache/struts/struts2-core/2.5.8/struts2-core-2.5.8.jar!/org/apache/struts2/dispatcher/error.ftl"
  DEBUG qtp1041365481-21 freemarker.cache - Couldn't find template in cache for "org/apache/struts2/dispatcher/error.ftl"("zh_CN", UTF-8, parsed); will try to load it.
  DEBUG qtp1041365481-21 freemarker.cache - TemplateLoader.findTemplateSource("org/apache/struts2/dispatcher/error.ftl"): Found
  DEBUG qtp1041365481-21 freemarker.cache - Loading template for "org/apache/struts2/dispatcher/error.ftl"("zh_CN", UTF-8, parsed) from "jar:file:/D:/j2ee_solution/mvn_repository/org/apache/struts/struts2-core/2.5.8/struts2-core-2.5.8.jar!/org/apache/struts2/dispatcher/error.ftl"
  DEBUG qtp1771667101-19 freemarker.cache - Couldn't find template in cache for "org/apache/struts2/dispatcher/error.ftl"("zh_CN", UTF-8, parsed); will try to load it.
  DEBUG qtp1771667101-19 freemarker.cache - TemplateLoader.findTemplateSource("org/apache/struts2/dispatcher/error.ftl"): Found
  DEBUG qtp1771667101-19 freemarker.cache - Loading template for "org/apache/struts2/dispatcher/error.ftl"("zh_CN", UTF-8, parsed) from "jar:file:/D:/j2ee_solution/mvn_repository/org/apache/struts/struts2-core/2.5.8/struts2-core-2.5.8.jar!/org/apache/struts2/dispatcher/error.ftl"
  DEBUG qtp1771667101-17 freemarker.cache - Couldn't find template in cache for "org/apache/struts2/dispatcher/error.ftl"("zh_CN", UTF-8, parsed); will try to load it.
  DEBUG qtp1771667101-17 freemarker.cache - TemplateLoader.findTemplateSource("org/apache/struts2/dispatcher/error.ftl"): Found
  DEBUG qtp1771667101-17 freemarker.cache - Loading template for "org/apache/struts2/dispatcher/error.ftl"("zh_CN", UTF-8, parsed) from "jar:file:/D:/j2ee_solution/mvn_repository/org/apache/struts/struts2-core/2.5.8/struts2-core-2.5.8.jar!/org/apache/struts2/dispatcher/error.ftl"
  DEBUG qtp1771667101-20 freemarker.cache - Couldn't find template in cache for "org/apache/struts2/dispatcher/error.ftl"("zh_CN", UTF-8, parsed); will try to load it.
  DEBUG qtp1771667101-20 freemarker.cache - TemplateLoader.findTemplateSource("org/apache/struts2/dispatcher/error.ftl"): Found
  DEBUG qtp1771667101-20 freemarker.cache - Loading template for "org/apache/struts2/dispatcher/error.ftl"("zh_CN", UTF-8, parsed) from "jar:file:/D:/j2ee_solution/mvn_repository/org/apache/struts/struts2-core/2.5.8/struts2-core-2.5.8.jar!/org/apache/struts2/dispatcher/error.ftl"
  DEBUG qtp1771667101-19 freemarker.cache - Couldn't find template in cache for "org/apache/struts2/dispatcher/error.ftl"("zh_CN", UTF-8, parsed); will try to load it.
  DEBUG qtp1771667101-19 freemarker.cache - TemplateLoader.findTemplateSource("org/apache/struts2/dispatcher/error.ftl"): Found
  DEBUG qtp1771667101-19 freemarker.cache - Loading template for "org/apache/struts2/dispatcher/error.ftl"("zh_CN", UTF-8, parsed) from "jar:file:/D:/j2ee_solution/mvn_repository/org/apache/struts/struts2-core/2.5.8/struts2-core-2.5.8.jar!/org/apache/struts2/dispatcher/error.ftl"
  DEBUG qtp1771667101-19 freemarker.cache - Couldn't find template in cache for "org/apache/struts2/dispatcher/error.ftl"("zh_CN", UTF-8, parsed); will try to load it.
  DEBUG qtp1771667101-19 freemarker.cache - TemplateLoader.findTemplateSource("org/apache/struts2/dispatcher/error.ftl"): Found
  DEBUG qtp1771667101-19 freemarker.cache - Loading template for "org/apache/struts2/dispatcher/error.ftl"("zh_CN", UTF-8, parsed) from "jar:file:/D:/j2ee_solution/mvn_repository/org/apache/struts/struts2-core/2.5.8/struts2-core-2.5.8.jar!/org/apache/struts2/dispatcher/error.ftl"
  DEBUG qtp1771667101-18 freemarker.cache - Couldn't find template in cache for "org/apache/struts2/dispatcher/error.ftl"("zh_CN", UTF-8, parsed); will try to load it.
  DEBUG qtp1771667101-18 freemarker.cache - TemplateLoader.findTemplateSource("org/apache/struts2/dispatcher/error.ftl"): Found
  DEBUG qtp1771667101-18 freemarker.cache - Loading template for "org/apache/struts2/dispatcher/error.ftl"("zh_CN", UTF-8, parsed) from "jar:file:/D:/j2ee_solution/mvn_repository/org/apache/struts/struts2-core/2.5.8/struts2-core-2.5.8.jar!/org/apache/struts2/dispatcher/error.ftl"
  DEBUG qtp1771667101-21 freemarker.cache - Couldn't find template in cache for "org/apache/struts2/dispatcher/error.ftl"("zh_CN", UTF-8, parsed); will try to load it.
  DEBUG qtp1771667101-21 freemarker.cache - TemplateLoader.findTemplateSource("org/apache/struts2/dispatcher/error.ftl"): Found
  DEBUG qtp1771667101-21 freemarker.cache - Loading template for "org/apache/struts2/dispatcher/error.ftl"("zh_CN", UTF-8, parsed) from "jar:file:/D:/j2ee_solution/mvn_repository/org/apache/struts/struts2-core/2.5.8/struts2-core-2.5.8.jar!/org/apache/struts2/dispatcher/error.ftl"
  DEBUG qtp50699452-19 freemarker.cache - Couldn't find template in cache for "org/apache/struts2/dispatcher/error.ftl"("zh_CN", UTF-8, parsed); will try to load it.
  DEBUG qtp50699452-19 freemarker.cache - TemplateLoader.findTemplateSource("org/apache/struts2/dispatcher/error.ftl"): Found
  DEBUG qtp50699452-19 freemarker.cache - Loading template for "org/apache/struts2/dispatcher/error.ftl"("zh_CN", UTF-8, parsed) from "jar:file:/D:/j2ee_solution/mvn_repository/org/apache/struts/struts2-core/2.5.8/struts2-core-2.5.8.jar!/org/apache/struts2/dispatcher/error.ftl"
  DEBUG qtp1771667101-18 freemarker.cache - Couldn't find template in cache for "org/apache/struts2/dispatcher/error.ftl"("zh_CN", UTF-8, parsed); will try to load it.
  DEBUG qtp1771667101-18 freemarker.cache - TemplateLoader.findTemplateSource("org/apache/struts2/dispatcher/error.ftl"): Found
  DEBUG qtp1771667101-18 freemarker.cache - Loading template for "org/apache/struts2/dispatcher/error.ftl"("zh_CN", UTF-8, parsed) from "jar:file:/D:/j2ee_solution/mvn_repository/org/apache/struts/struts2-core/2.5.8/struts2-core-2.5.8.jar!/org/apache/struts2/dispatcher/error.ftl"
  DEBUG qtp1771667101-16 freemarker.cache - Couldn't find template in cache for "org/apache/struts2/dispatcher/error.ftl"("zh_CN", UTF-8, parsed); will try to load it.
  DEBUG qtp1771667101-16 freemarker.cache - TemplateLoader.findTemplateSource("org/apache/struts2/dispatcher/error.ftl"): Found
  DEBUG qtp1771667101-16 freemarker.cache - Loading template for "org/apache/struts2/dispatcher/error.ftl"("zh_CN", UTF-8, parsed) from "jar:file:/D:/j2ee_solution/mvn_repository/org/apache/struts/struts2-core/2.5.8/struts2-core-2.5.8.jar!/org/apache/struts2/dispatcher/error.ftl"
  DEBUG qtp1771667101-21 freemarker.cache - Couldn't find template in cache for "org/apache/struts2/dispatcher/error.ftl"("zh_CN", UTF-8, parsed); will try to load it.
  DEBUG qtp1771667101-21 freemarker.cache - TemplateLoader.findTemplateSource("org/apache/struts2/dispatcher/error.ftl"): Found
  DEBUG qtp1771667101-21 freemarker.cache - Loading template for "org/apache/struts2/dispatcher/error.ftl"("zh_CN", UTF-8, parsed) from "jar:file:/D:/j2ee_solution/mvn_repository/org/apache/struts/struts2-core/2.5.8/struts2-core-2.5.8.jar!/org/apache/struts2/dispatcher/error.ftl"
  DEBUG qtp1771667101-19 freemarker.cache - Couldn't find template in cache for "org/apache/struts2/dispatcher/error.ftl"("zh_CN", UTF-8, parsed); will try to load it.
  DEBUG qtp1771667101-19 freemarker.cache - TemplateLoader.findTemplateSource("org/apache/struts2/dispatcher/error.ftl"): Found
  DEBUG qtp1771667101-19 freemarker.cache - Loading template for "org/apache/struts2/dispatcher/error.ftl"("zh_CN", UTF-8, parsed) from "jar:file:/D:/j2ee_solution/mvn_repository/org/apache/struts/struts2-core/2.5.8/struts2-core-2.5.8.jar!/org/apache/struts2/dispatcher/error.ftl"
  DEBUG qtp1771667101-15 freemarker.cache - Couldn't find template in cache for "org/apache/struts2/dispatcher/error.ftl"("zh_CN", UTF-8, parsed); will try to load it.
  DEBUG qtp1771667101-15 freemarker.cache - TemplateLoader.findTemplateSource("org/apache/struts2/dispatcher/error.ftl"): Found
  DEBUG qtp1771667101-15 freemarker.cache - Loading template for "org/apache/struts2/dispatcher/error.ftl"("zh_CN", UTF-8, parsed) from "jar:file:/D:/j2ee_solution/mvn_repository/org/apache/struts/struts2-core/2.5.8/struts2-core-2.5.8.jar!/org/apache/struts2/dispatcher/error.ftl"
  DEBUG qtp1771667101-15 freemarker.cache - Couldn't find template in cache for "org/apache/struts2/dispatcher/error.ftl"("zh_CN", UTF-8, parsed); will try to load it.
  DEBUG qtp1771667101-15 freemarker.cache - TemplateLoader.findTemplateSource("org/apache/struts2/dispatcher/error.ftl"): Found
  DEBUG qtp1771667101-15 freemarker.cache - Loading template for "org/apache/struts2/dispatcher/error.ftl"("zh_CN", UTF-8, parsed) from "jar:file:/D:/j2ee_solution/mvn_repository/org/apache/struts/struts2-core/2.5.8/struts2-core-2.5.8.jar!/org/apache/struts2/dispatcher/error.ftl"
  DEBUG qtp1771667101-20 freemarker.cache - Couldn't find template in cache for "org/apache/struts2/dispatcher/error.ftl"("zh_CN", UTF-8, parsed); will try to load it.
  DEBUG qtp1771667101-20 freemarker.cache - TemplateLoader.findTemplateSource("org/apache/struts2/dispatcher/error.ftl"): Found
  DEBUG qtp1771667101-20 freemarker.cache - Loading template for "org/apache/struts2/dispatcher/error.ftl"("zh_CN", UTF-8, parsed) from "jar:file:/D:/j2ee_solution/mvn_repository/org/apache/struts/struts2-core/2.5.8/struts2-core-2.5.8.jar!/org/apache/struts2/dispatcher/error.ftl"
  DEBUG qtp1771667101-19 freemarker.cache - Couldn't find template in cache for "org/apache/struts2/dispatcher/error.ftl"("zh_CN", UTF-8, parsed); will try to load it.
  DEBUG qtp1771667101-19 freemarker.cache - TemplateLoader.findTemplateSource("org/apache/struts2/dispatcher/error.ftl"): Found
  DEBUG qtp1771667101-19 freemarker.cache - Loading template for "org/apache/struts2/dispatcher/error.ftl"("zh_CN", UTF-8, parsed) from "jar:file:/D:/j2ee_solution/mvn_repository/org/apache/struts/struts2-core/2.5.8/struts2-core-2.5.8.jar!/org/apache/struts2/dispatcher/error.ftl"
  DEBUG qtp50699452-18 freemarker.cache - Couldn't find template in cache for "org/apache/struts2/dispatcher/error.ftl"("zh_CN", UTF-8, parsed); will try to load it.
  DEBUG qtp50699452-18 freemarker.cache - TemplateLoader.findTemplateSource("org/apache/struts2/dispatcher/error.ftl"): Found
  DEBUG qtp50699452-18 freemarker.cache - Loading template for "org/apache/struts2/dispatcher/error.ftl"("zh_CN", UTF-8, parsed) from "jar:file:/D:/j2ee_solution/mvn_repository/org/apache/struts/struts2-core/2.5.8/struts2-core-2.5.8.jar!/org/apache/struts2/dispatcher/error.ftl"
  DEBUG qtp1771667101-15 freemarker.cache - Couldn't find template in cache for "org/apache/struts2/dispatcher/error.ftl"("zh_CN", UTF-8, parsed); will try to load it.
  DEBUG qtp1771667101-15 freemarker.cache - TemplateLoader.findTemplateSource("org/apache/struts2/dispatcher/error.ftl"): Found
  DEBUG qtp1771667101-15 freemarker.cache - Loading template for "org/apache/struts2/dispatcher/error.ftl"("zh_CN", UTF-8, parsed) from "jar:file:/D:/j2ee_solution/mvn_repository/org/apache/struts/struts2-core/2.5.8/struts2-core-2.5.8.jar!/org/apache/struts2/dispatcher/error.ftl"
  DEBUG qtp552936351-18 freemarker.cache - Couldn't find template in cache for "org/apache/struts2/dispatcher/error.ftl"("zh_CN", UTF-8, parsed); will try to load it.
  DEBUG qtp552936351-18 freemarker.cache - TemplateLoader.findTemplateSource("org/apache/struts2/dispatcher/error.ftl"): Found
  DEBUG qtp552936351-18 freemarker.cache - Loading template for "org/apache/struts2/dispatcher/error.ftl"("zh_CN", UTF-8, parsed) from "jar:file:/D:/j2ee_solution/mvn_repository/org/apache/struts/struts2-core/2.5.8/struts2-core-2.5.8.jar!/org/apache/struts2/dispatcher/error.ftl"
  DEBUG qtp552936351-16 freemarker.cache - Couldn't find template in cache for "org/apache/struts2/dispatcher/error.ftl"("zh_CN", UTF-8, parsed); will try to load it.
  DEBUG qtp552936351-16 freemarker.cache - TemplateLoader.findTemplateSource("org/apache/struts2/dispatcher/error.ftl"): Found
  DEBUG qtp552936351-16 freemarker.cache - Loading template for "org/apache/struts2/dispatcher/error.ftl"("zh_CN", UTF-8, parsed) from "jar:file:/D:/j2ee_solution/mvn_repository/org/apache/struts/struts2-core/2.5.8/struts2-core-2.5.8.jar!/org/apache/struts2/dispatcher/error.ftl"
  DEBUG qtp1239548589-14 freemarker.cache - Couldn't find template in cache for "org/apache/struts2/dispatcher/error.ftl"("zh_CN", UTF-8, parsed); will try to load it.
  DEBUG qtp1239548589-14 freemarker.cache - TemplateLoader.findTemplateSource("org/apache/struts2/dispatcher/error.ftl"): Found
  DEBUG qtp1239548589-14 freemarker.cache - Loading template for "org/apache/struts2/dispatcher/error.ftl"("zh_CN", UTF-8, parsed) from "jar:file:/D:/j2ee_solution/mvn_repository/org/apache/struts/struts2-core/2.5.8/struts2-core-2.5.8.jar!/org/apache/struts2/dispatcher/error.ftl"
  DEBUG qtp1239548589-16 freemarker.cache - Couldn't find template in cache for "org/apache/struts2/dispatcher/error.ftl"("zh_CN", UTF-8, parsed); will try to load it.
  DEBUG qtp1239548589-16 freemarker.cache - TemplateLoader.findTemplateSource("org/apache/struts2/dispatcher/error.ftl"): Found
  DEBUG qtp1239548589-16 freemarker.cache - Loading template for "org/apache/struts2/dispatcher/error.ftl"("zh_CN", UTF-8, parsed) from "jar:file:/D:/j2ee_solution/mvn_repository/org/apache/struts/struts2-core/2.5.8/struts2-core-2.5.8.jar!/org/apache/struts2/dispatcher/error.ftl"
  DEBUG qtp1239548589-13 freemarker.cache - Couldn't find template in cache for "org/apache/struts2/dispatcher/error.ftl"("zh_CN", UTF-8, parsed); will try to load it.
  DEBUG qtp1239548589-13 freemarker.cache - TemplateLoader.findTemplateSource("org/apache/struts2/dispatcher/error.ftl"): Found
  DEBUG qtp1239548589-13 freemarker.cache - Loading template for "org/apache/struts2/dispatcher/error.ftl"("zh_CN", UTF-8, parsed) from "jar:file:/D:/j2ee_solution/mvn_repository/org/apache/struts/struts2-core/2.5.8/struts2-core-2.5.8.jar!/org/apache/struts2/dispatcher/error.ftl"
  DEBUG qtp1239548589-13 freemarker.cache - Couldn't find template in cache for "org/apache/struts2/dispatcher/error.ftl"("zh_CN", UTF-8, parsed); will try to load it.
  DEBUG qtp1239548589-13 freemarker.cache - TemplateLoader.findTemplateSource("org/apache/struts2/dispatcher/error.ftl"): Found
  DEBUG qtp1239548589-13 freemarker.cache - Loading template for "org/apache/struts2/dispatcher/error.ftl"("zh_CN", UTF-8, parsed) from "jar:file:/D:/j2ee_solution/mvn_repository/org/apache/struts/struts2-core/2.5.8/struts2-core-2.5.8.jar!/org/apache/struts2/dispatcher/error.ftl"
  DEBUG qtp71706941-14 freemarker.cache - Couldn't find template in cache for "org/apache/struts2/dispatcher/error.ftl"("zh_CN", UTF-8, parsed); will try to load it.
  DEBUG qtp71706941-14 freemarker.cache - TemplateLoader.findTemplateSource("org/apache/struts2/dispatcher/error.ftl"): Found
  DEBUG qtp71706941-14 freemarker.cache - Loading template for "org/apache/struts2/dispatcher/error.ftl"("zh_CN", UTF-8, parsed) from "jar:file:/D:/j2ee_solution/mvn_repository/org/apache/struts/struts2-core/2.5.8/struts2-core-2.5.8.jar!/org/apache/struts2/dispatcher/error.ftl"
  DEBUG qtp71706941-21 freemarker.cache - Couldn't find template in cache for "org/apache/struts2/dispatcher/error.ftl"("zh_CN", UTF-8, parsed); will try to load it.
  DEBUG qtp71706941-21 freemarker.cache - TemplateLoader.findTemplateSource("org/apache/struts2/dispatcher/error.ftl"): Found
  DEBUG qtp71706941-21 freemarker.cache - Loading template for "org/apache/struts2/dispatcher/error.ftl"("zh_CN", UTF-8, parsed) from "jar:file:/D:/j2ee_solution/mvn_repository/org/apache/struts/struts2-core/2.5.8/struts2-core-2.5.8.jar!/org/apache/struts2/dispatcher/error.ftl"
  DEBUG qtp71706941-19 freemarker.cache - Couldn't find template in cache for "org/apache/struts2/dispatcher/error.ftl"("zh_CN", UTF-8, parsed); will try to load it.
  DEBUG qtp71706941-19 freemarker.cache - TemplateLoader.findTemplateSource("org/apache/struts2/dispatcher/error.ftl"): Found
  DEBUG qtp71706941-19 freemarker.cache - Loading template for "org/apache/struts2/dispatcher/error.ftl"("zh_CN", UTF-8, parsed) from "jar:file:/D:/j2ee_solution/mvn_repository/org/apache/struts/struts2-core/2.5.8/struts2-core-2.5.8.jar!/org/apache/struts2/dispatcher/error.ftl"
  DEBUG qtp71706941-16 freemarker.cache - Couldn't find template in cache for "org/apache/struts2/dispatcher/error.ftl"("zh_CN", UTF-8, parsed); will try to load it.
  DEBUG qtp71706941-16 freemarker.cache - TemplateLoader.findTemplateSource("org/apache/struts2/dispatcher/error.ftl"): Found
  DEBUG qtp71706941-16 freemarker.cache - Loading template for "org/apache/struts2/dispatcher/error.ftl"("zh_CN", UTF-8, parsed) from "jar:file:/D:/j2ee_solution/mvn_repository/org/apache/struts/struts2-core/2.5.8/struts2-core-2.5.8.jar!/org/apache/struts2/dispatcher/error.ftl"
  DEBUG qtp71706941-15 freemarker.cache - Couldn't find template in cache for "org/apache/struts2/dispatcher/error.ftl"("zh_CN", UTF-8, parsed); will try to load it.
  DEBUG qtp71706941-15 freemarker.cache - TemplateLoader.findTemplateSource("org/apache/struts2/dispatcher/error.ftl"): Found
  DEBUG qtp71706941-15 freemarker.cache - Loading template for "org/apache/struts2/dispatcher/error.ftl"("zh_CN", UTF-8, parsed) from "jar:file:/D:/j2ee_solution/mvn_repository/org/apache/struts/struts2-core/2.5.8/struts2-core-2.5.8.jar!/org/apache/struts2/dispatcher/error.ftl"
  DEBUG qtp71706941-21 freemarker.cache - Couldn't find template in cache for "org/apache/struts2/dispatcher/error.ftl"("zh_CN", UTF-8, parsed); will try to load it.
  DEBUG qtp71706941-21 freemarker.cache - TemplateLoader.findTemplateSource("org/apache/struts2/dispatcher/error.ftl"): Found
  DEBUG qtp71706941-21 freemarker.cache - Loading template for "org/apache/struts2/dispatcher/error.ftl"("zh_CN", UTF-8, parsed) from "jar:file:/D:/j2ee_solution/mvn_repository/org/apache/struts/struts2-core/2.5.8/struts2-core-2.5.8.jar!/org/apache/struts2/dispatcher/error.ftl"
  DEBUG qtp71706941-15 freemarker.cache - Couldn't find template in cache for "org/apache/struts2/dispatcher/error.ftl"("zh_CN", UTF-8, parsed); will try to load it.
  DEBUG qtp71706941-15 freemarker.cache - TemplateLoader.findTemplateSource("org/apache/struts2/dispatcher/error.ftl"): Found
  DEBUG qtp71706941-15 freemarker.cache - Loading template for "org/apache/struts2/dispatcher/error.ftl"("zh_CN", UTF-8, parsed) from "jar:file:/D:/j2ee_solution/mvn_repository/org/apache/struts/struts2-core/2.5.8/struts2-core-2.5.8.jar!/org/apache/struts2/dispatcher/error.ftl"
  DEBUG qtp71706941-21 freemarker.cache - Couldn't find template in cache for "org/apache/struts2/dispatcher/error.ftl"("zh_CN", UTF-8, parsed); will try to load it.
  DEBUG qtp71706941-21 freemarker.cache - TemplateLoader.findTemplateSource("org/apache/struts2/dispatcher/error.ftl"): Found
  DEBUG qtp71706941-21 freemarker.cache - Loading template for "org/apache/struts2/dispatcher/error.ftl"("zh_CN", UTF-8, parsed) from "jar:file:/D:/j2ee_solution/mvn_repository/org/apache/struts/struts2-core/2.5.8/struts2-core-2.5.8.jar!/org/apache/struts2/dispatcher/error.ftl"
  DEBUG qtp71706941-14 freemarker.cache - Couldn't find template in cache for "org/apache/struts2/dispatcher/error.ftl"("zh_CN", UTF-8, parsed); will try to load it.
  DEBUG qtp71706941-14 freemarker.cache - TemplateLoader.findTemplateSource("org/apache/struts2/dispatcher/error.ftl"): Found
  DEBUG qtp71706941-14 freemarker.cache - Loading template for "org/apache/struts2/dispatcher/error.ftl"("zh_CN", UTF-8, parsed) from "jar:file:/D:/j2ee_solution/mvn_repository/org/apache/struts/struts2-core/2.5.8/struts2-core-2.5.8.jar!/org/apache/struts2/dispatcher/error.ftl"
  DEBUG qtp71706941-21 freemarker.cache - Couldn't find template in cache for "org/apache/struts2/dispatcher/error.ftl"("zh_CN", UTF-8, parsed); will try to load it.
  DEBUG qtp71706941-21 freemarker.cache - TemplateLoader.findTemplateSource("org/apache/struts2/dispatcher/error.ftl"): Found
  DEBUG qtp71706941-21 freemarker.cache - Loading template for "org/apache/struts2/dispatcher/error.ftl"("zh_CN", UTF-8, parsed) from "jar:file:/D:/j2ee_solution/mvn_repository/org/apache/struts/struts2-core/2.5.8/struts2-core-2.5.8.jar!/org/apache/struts2/dispatcher/error.ftl"
  DEBUG qtp1684792003-17 freemarker.cache - Couldn't find template in cache for "org/apache/struts2/dispatcher/error.ftl"("zh_CN", UTF-8, parsed); will try to load it.
  DEBUG qtp1684792003-17 freemarker.cache - TemplateLoader.findTemplateSource("org/apache/struts2/dispatcher/error.ftl"): Found
  DEBUG qtp1684792003-17 freemarker.cache - Loading template for "org/apache/struts2/dispatcher/error.ftl"("zh_CN", UTF-8, parsed) from "jar:file:/D:/j2ee_solution/mvn_repository/org/apache/struts/struts2-core/2.5.8/struts2-core-2.5.8.jar!/org/apache/struts2/dispatcher/error.ftl"
  DEBUG qtp1684792003-12 freemarker.cache - Couldn't find template in cache for "org/apache/struts2/dispatcher/error.ftl"("zh_CN", UTF-8, parsed); will try to load it.
  DEBUG qtp1684792003-12 freemarker.cache - TemplateLoader.findTemplateSource("org/apache/struts2/dispatcher/error.ftl"): Found
  DEBUG qtp1684792003-12 freemarker.cache - Loading template for "org/apache/struts2/dispatcher/error.ftl"("zh_CN", UTF-8, parsed) from "jar:file:/D:/j2ee_solution/mvn_repository/org/apache/struts/struts2-core/2.5.8/struts2-core-2.5.8.jar!/org/apache/struts2/dispatcher/error.ftl"
  DEBUG qtp1684792003-14 freemarker.cache - Couldn't find template in cache for "org/apache/struts2/dispatcher/error.ftl"("zh_CN", UTF-8, parsed); will try to load it.
  DEBUG qtp1684792003-14 freemarker.cache - TemplateLoader.findTemplateSource("org/apache/struts2/dispatcher/error.ftl"): Found
  DEBUG qtp1684792003-14 freemarker.cache - Loading template for "org/apache/struts2/dispatcher/error.ftl"("zh_CN", UTF-8, parsed) from "jar:file:/D:/j2ee_solution/mvn_repository/org/apache/struts/struts2-core/2.5.8/struts2-core-2.5.8.jar!/org/apache/struts2/dispatcher/error.ftl"
  DEBUG qtp1684792003-18 freemarker.cache - Couldn't find template in cache for "org/apache/struts2/dispatcher/error.ftl"("zh_CN", UTF-8, parsed); will try to load it.
  DEBUG qtp1684792003-18 freemarker.cache - TemplateLoader.findTemplateSource("org/apache/struts2/dispatcher/error.ftl"): Found
  DEBUG qtp1684792003-18 freemarker.cache - Loading template for "org/apache/struts2/dispatcher/error.ftl"("zh_CN", UTF-8, parsed) from "jar:file:/D:/j2ee_solution/mvn_repository/org/apache/struts/struts2-core/2.5.8/struts2-core-2.5.8.jar!/org/apache/struts2/dispatcher/error.ftl"
  DEBUG qtp1684792003-16 freemarker.cache - Couldn't find template in cache for "org/apache/struts2/dispatcher/error.ftl"("zh_CN", UTF-8, parsed); will try to load it.
  DEBUG qtp1684792003-16 freemarker.cache - TemplateLoader.findTemplateSource("org/apache/struts2/dispatcher/error.ftl"): Found
  DEBUG qtp1684792003-16 freemarker.cache - Loading template for "org/apache/struts2/dispatcher/error.ftl"("zh_CN", UTF-8, parsed) from "jar:file:/D:/j2ee_solution/mvn_repository/org/apache/struts/struts2-core/2.5.8/struts2-core-2.5.8.jar!/org/apache/struts2/dispatcher/error.ftl"
  DEBUG qtp1973233403-18 freemarker.cache - Couldn't find template in cache for "org/apache/struts2/dispatcher/error.ftl"("zh_CN", UTF-8, parsed); will try to load it.
  DEBUG qtp1973233403-18 freemarker.cache - TemplateLoader.findTemplateSource("org/apache/struts2/dispatcher/error.ftl"): Found
  DEBUG qtp1973233403-18 freemarker.cache - Loading template for "org/apache/struts2/dispatcher/error.ftl"("zh_CN", UTF-8, parsed) from "jar:file:/D:/j2ee_solution/mvn_repository/org/apache/struts/struts2-core/2.5.8/struts2-core-2.5.8.jar!/org/apache/struts2/dispatcher/error.ftl"
  DEBUG qtp1973233403-15 freemarker.cache - Couldn't find template in cache for "org/apache/struts2/dispatcher/error.ftl"("zh_CN", UTF-8, parsed); will try to load it.
  DEBUG qtp1973233403-15 freemarker.cache - TemplateLoader.findTemplateSource("org/apache/struts2/dispatcher/error.ftl"): Found
  DEBUG qtp1973233403-15 freemarker.cache - Loading template for "org/apache/struts2/dispatcher/error.ftl"("zh_CN", UTF-8, parsed) from "jar:file:/D:/j2ee_solution/mvn_repository/org/apache/struts/struts2-core/2.5.8/struts2-core-2.5.8.jar!/org/apache/struts2/dispatcher/error.ftl"
  DEBUG qtp1973233403-18 freemarker.cache - Couldn't find template in cache for "org/apache/struts2/dispatcher/error.ftl"("zh_CN", UTF-8, parsed); will try to load it.
  DEBUG qtp1973233403-18 freemarker.cache - TemplateLoader.findTemplateSource("org/apache/struts2/dispatcher/error.ftl"): Found
  DEBUG qtp1973233403-18 freemarker.cache - Loading template for "org/apache/struts2/dispatcher/error.ftl"("zh_CN", UTF-8, parsed) from "jar:file:/D:/j2ee_solution/mvn_repository/org/apache/struts/struts2-core/2.5.8/struts2-core-2.5.8.jar!/org/apache/struts2/dispatcher/error.ftl"
  DEBUG qtp1973233403-19 freemarker.cache - Couldn't find template in cache for "org/apache/struts2/dispatcher/error.ftl"("zh_CN", UTF-8, parsed); will try to load it.
  DEBUG qtp1973233403-19 freemarker.cache - TemplateLoader.findTemplateSource("org/apache/struts2/dispatcher/error.ftl"): Found
  DEBUG qtp1973233403-19 freemarker.cache - Loading template for "org/apache/struts2/dispatcher/error.ftl"("zh_CN", UTF-8, parsed) from "jar:file:/D:/j2ee_solution/mvn_repository/org/apache/struts/struts2-core/2.5.8/struts2-core-2.5.8.jar!/org/apache/struts2/dispatcher/error.ftl"
  DEBUG qtp1973233403-16 freemarker.cache - Couldn't find template in cache for "org/apache/struts2/dispatcher/error.ftl"("zh_CN", UTF-8, parsed); will try to load it.
  DEBUG qtp1973233403-16 freemarker.cache - TemplateLoader.findTemplateSource("org/apache/struts2/dispatcher/error.ftl"): Found
  DEBUG qtp1973233403-16 freemarker.cache - Loading template for "org/apache/struts2/dispatcher/error.ftl"("zh_CN", UTF-8, parsed) from "jar:file:/D:/j2ee_solution/mvn_repository/org/apache/struts/struts2-core/2.5.8/struts2-core-2.5.8.jar!/org/apache/struts2/dispatcher/error.ftl"
  DEBUG qtp1973233403-25 freemarker.cache - Couldn't find template in cache for "org/apache/struts2/dispatcher/error.ftl"("zh_CN", UTF-8, parsed); will try to load it.
  DEBUG qtp1973233403-25 freemarker.cache - TemplateLoader.findTemplateSource("org/apache/struts2/dispatcher/error.ftl"): Found
  DEBUG qtp1973233403-25 freemarker.cache - Loading template for "org/apache/struts2/dispatcher/error.ftl"("zh_CN", UTF-8, parsed) from "jar:file:/D:/j2ee_solution/mvn_repository/org/apache/struts/struts2-core/2.5.8/struts2-core-2.5.8.jar!/org/apache/struts2/dispatcher/error.ftl"
  DEBUG qtp1973233403-18 freemarker.cache - Couldn't find template in cache for "org/apache/struts2/dispatcher/error.ftl"("zh_CN", UTF-8, parsed); will try to load it.
  DEBUG qtp1973233403-18 freemarker.cache - TemplateLoader.findTemplateSource("org/apache/struts2/dispatcher/error.ftl"): Found
  DEBUG qtp1973233403-18 freemarker.cache - Loading template for "org/apache/struts2/dispatcher/error.ftl"("zh_CN", UTF-8, parsed) from "jar:file:/D:/j2ee_solution/mvn_repository/org/apache/struts/struts2-core/2.5.8/struts2-core-2.5.8.jar!/org/apache/struts2/dispatcher/error.ftl"
  DEBUG qtp1973233403-21 freemarker.cache - Couldn't find template in cache for "org/apache/struts2/dispatcher/error.ftl"("zh_CN", UTF-8, parsed); will try to load it.
  DEBUG qtp1973233403-21 freemarker.cache - TemplateLoader.findTemplateSource("org/apache/struts2/dispatcher/error.ftl"): Found
  DEBUG qtp1973233403-21 freemarker.cache - Loading template for "org/apache/struts2/dispatcher/error.ftl"("zh_CN", UTF-8, parsed) from "jar:file:/D:/j2ee_solution/mvn_repository/org/apache/struts/struts2-core/2.5.8/struts2-core-2.5.8.jar!/org/apache/struts2/dispatcher/error.ftl"
  DEBUG qtp282265585-20 freemarker.cache - Couldn't find template in cache for "org/apache/struts2/dispatcher/error.ftl"("zh_CN", UTF-8, parsed); will try to load it.
  DEBUG qtp282265585-20 freemarker.cache - TemplateLoader.findTemplateSource("org/apache/struts2/dispatcher/error.ftl"): Found
  DEBUG qtp282265585-20 freemarker.cache - Loading template for "org/apache/struts2/dispatcher/error.ftl"("zh_CN", UTF-8, parsed) from "jar:file:/D:/j2ee_solution/mvn_repository/org/apache/struts/struts2-core/2.5.8/struts2-core-2.5.8.jar!/org/apache/struts2/dispatcher/error.ftl"
  DEBUG qtp1973233403-20 freemarker.cache - Couldn't find template in cache for "org/apache/struts2/dispatcher/error.ftl"("zh_CN", UTF-8, parsed); will try to load it.
  DEBUG qtp1973233403-20 freemarker.cache - TemplateLoader.findTemplateSource("org/apache/struts2/dispatcher/error.ftl"): Found
  DEBUG qtp1973233403-20 freemarker.cache - Loading template for "org/apache/struts2/dispatcher/error.ftl"("zh_CN", UTF-8, parsed) from "jar:file:/D:/j2ee_solution/mvn_repository/org/apache/struts/struts2-core/2.5.8/struts2-core-2.5.8.jar!/org/apache/struts2/dispatcher/error.ftl"
  DEBUG qtp1973233403-15 freemarker.cache - Couldn't find template in cache for "org/apache/struts2/dispatcher/error.ftl"("zh_CN", UTF-8, parsed); will try to load it.
  DEBUG qtp1973233403-15 freemarker.cache - TemplateLoader.findTemplateSource("org/apache/struts2/dispatcher/error.ftl"): Found
  DEBUG qtp1973233403-15 freemarker.cache - Loading template for "org/apache/struts2/dispatcher/error.ftl"("zh_CN", UTF-8, parsed) from "jar:file:/D:/j2ee_solution/mvn_repository/org/apache/struts/struts2-core/2.5.8/struts2-core-2.5.8.jar!/org/apache/struts2/dispatcher/error.ftl"
  DEBUG qtp1973233403-16 freemarker.cache - Couldn't find template in cache for "org/apache/struts2/dispatcher/error.ftl"("zh_CN", UTF-8, parsed); will try to load it.
  DEBUG qtp1973233403-16 freemarker.cache - TemplateLoader.findTemplateSource("org/apache/struts2/dispatcher/error.ftl"): Found
  DEBUG qtp1973233403-16 freemarker.cache - Loading template for "org/apache/struts2/dispatcher/error.ftl"("zh_CN", UTF-8, parsed) from "jar:file:/D:/j2ee_solution/mvn_repository/org/apache/struts/struts2-core/2.5.8/struts2-core-2.5.8.jar!/org/apache/struts2/dispatcher/error.ftl"
  DEBUG qtp1684792003-13 freemarker.cache - Couldn't find template in cache for "org/apache/struts2/dispatcher/error.ftl"("zh_CN", UTF-8, parsed); will try to load it.
  DEBUG qtp1684792003-13 freemarker.cache - TemplateLoader.findTemplateSource("org/apache/struts2/dispatcher/error.ftl"): Found
  DEBUG qtp1684792003-13 freemarker.cache - Loading template for "org/apache/struts2/dispatcher/error.ftl"("zh_CN", UTF-8, parsed) from "jar:file:/D:/j2ee_solution/mvn_repository/org/apache/struts/struts2-core/2.5.8/struts2-core-2.5.8.jar!/org/apache/struts2/dispatcher/error.ftl"
  DEBUG qtp1973233403-20 freemarker.cache - Couldn't find template in cache for "org/apache/struts2/dispatcher/error.ftl"("zh_CN", UTF-8, parsed); will try to load it.
  DEBUG qtp1973233403-20 freemarker.cache - TemplateLoader.findTemplateSource("org/apache/struts2/dispatcher/error.ftl"): Found
  DEBUG qtp1973233403-20 freemarker.cache - Loading template for "org/apache/struts2/dispatcher/error.ftl"("zh_CN", UTF-8, parsed) from "jar:file:/D:/j2ee_solution/mvn_repository/org/apache/struts/struts2-core/2.5.8/struts2-core-2.5.8.jar!/org/apache/struts2/dispatcher/error.ftl"
  DEBUG qtp1973233403-19 freemarker.cache - Couldn't find template in cache for "org/apache/struts2/dispatcher/error.ftl"("zh_CN", UTF-8, parsed); will try to load it.
  DEBUG qtp1973233403-19 freemarker.cache - TemplateLoader.findTemplateSource("org/apache/struts2/dispatcher/error.ftl"): Found
  DEBUG qtp1973233403-19 freemarker.cache - Loading template for "org/apache/struts2/dispatcher/error.ftl"("zh_CN", UTF-8, parsed) from "jar:file:/D:/j2ee_solution/mvn_repository/org/apache/struts/struts2-core/2.5.8/struts2-core-2.5.8.jar!/org/apache/struts2/dispatcher/error.ftl"
  DEBUG qtp1973233403-20 freemarker.cache - Couldn't find template in cache for "org/apache/struts2/dispatcher/error.ftl"("zh_CN", UTF-8, parsed); will try to load it.
  DEBUG qtp1973233403-20 freemarker.cache - TemplateLoader.findTemplateSource("org/apache/struts2/dispatcher/error.ftl"): Found
  DEBUG qtp1973233403-20 freemarker.cache - Loading template for "org/apache/struts2/dispatcher/error.ftl"("zh_CN", UTF-8, parsed) from "jar:file:/D:/j2ee_solution/mvn_repository/org/apache/struts/struts2-core/2.5.8/struts2-core-2.5.8.jar!/org/apache/struts2/dispatcher/error.ftl"
  DEBUG qtp1973233403-16 freemarker.cache - Couldn't find template in cache for "org/apache/struts2/dispatcher/error.ftl"("zh_CN", UTF-8, parsed); will try to load it.
  DEBUG qtp1973233403-16 freemarker.cache - TemplateLoader.findTemplateSource("org/apache/struts2/dispatcher/error.ftl"): Found
  DEBUG qtp1973233403-16 freemarker.cache - Loading template for "org/apache/struts2/dispatcher/error.ftl"("zh_CN", UTF-8, parsed) from "jar:file:/D:/j2ee_solution/mvn_repository/org/apache/struts/struts2-core/2.5.8/struts2-core-2.5.8.jar!/org/apache/struts2/dispatcher/error.ftl"
  DEBUG qtp1973233403-20 freemarker.cache - Couldn't find template in cache for "org/apache/struts2/dispatcher/error.ftl"("zh_CN", UTF-8, parsed); will try to load it.
  DEBUG qtp1973233403-20 freemarker.cache - TemplateLoader.findTemplateSource("org/apache/struts2/dispatcher/error.ftl"): Found
  DEBUG qtp1973233403-20 freemarker.cache - Loading template for "org/apache/struts2/dispatcher/error.ftl"("zh_CN", UTF-8, parsed) from "jar:file:/D:/j2ee_solution/mvn_repository/org/apache/struts/struts2-core/2.5.8/struts2-core-2.5.8.jar!/org/apache/struts2/dispatcher/error.ftl"
  DEBUG qtp1973233403-17 freemarker.cache - Couldn't find template in cache for "org/apache/struts2/dispatcher/error.ftl"("zh_CN", UTF-8, parsed); will try to load it.
  DEBUG qtp1973233403-17 freemarker.cache - TemplateLoader.findTemplateSource("org/apache/struts2/dispatcher/error.ftl"): Found
  DEBUG qtp1973233403-17 freemarker.cache - Loading template for "org/apache/struts2/dispatcher/error.ftl"("zh_CN", UTF-8, parsed) from "jar:file:/D:/j2ee_solution/mvn_repository/org/apache/struts/struts2-core/2.5.8/struts2-core-2.5.8.jar!/org/apache/struts2/dispatcher/error.ftl"
  DEBUG qtp1973233403-15 freemarker.cache - Couldn't find template in cache for "org/apache/struts2/dispatcher/error.ftl"("zh_CN", UTF-8, parsed); will try to load it.
  DEBUG qtp1973233403-15 freemarker.cache - TemplateLoader.findTemplateSource("org/apache/struts2/dispatcher/error.ftl"): Found
  DEBUG qtp1973233403-15 freemarker.cache - Loading template for "org/apache/struts2/dispatcher/error.ftl"("zh_CN", UTF-8, parsed) from "jar:file:/D:/j2ee_solution/mvn_repository/org/apache/struts/struts2-core/2.5.8/struts2-core-2.5.8.jar!/org/apache/struts2/dispatcher/error.ftl"
  DEBUG qtp1973233403-19 freemarker.cache - Couldn't find template in cache for "org/apache/struts2/dispatcher/error.ftl"("zh_CN", UTF-8, parsed); will try to load it.
  DEBUG qtp1973233403-19 freemarker.cache - TemplateLoader.findTemplateSource("org/apache/struts2/dispatcher/error.ftl"): Found
  DEBUG qtp1973233403-19 freemarker.cache - Loading template for "org/apache/struts2/dispatcher/error.ftl"("zh_CN", UTF-8, parsed) from "jar:file:/D:/j2ee_solution/mvn_repository/org/apache/struts/struts2-core/2.5.8/struts2-core-2.5.8.jar!/org/apache/struts2/dispatcher/error.ftl"
  DEBUG qtp1973233403-19 freemarker.cache - Couldn't find template in cache for "org/apache/struts2/dispatcher/error.ftl"("zh_CN", UTF-8, parsed); will try to load it.
  DEBUG qtp1973233403-19 freemarker.cache - TemplateLoader.findTemplateSource("org/apache/struts2/dispatcher/error.ftl"): Found
  DEBUG qtp1973233403-19 freemarker.cache - Loading template for "org/apache/struts2/dispatcher/error.ftl"("zh_CN", UTF-8, parsed) from "jar:file:/D:/j2ee_solution/mvn_repository/org/apache/struts/struts2-core/2.5.8/struts2-core-2.5.8.jar!/org/apache/struts2/dispatcher/error.ftl"
  DEBUG qtp1973233403-18 freemarker.cache - Couldn't find template in cache for "org/apache/struts2/dispatcher/error.ftl"("zh_CN", UTF-8, parsed); will try to load it.
  DEBUG qtp1973233403-18 freemarker.cache - TemplateLoader.findTemplateSource("org/apache/struts2/dispatcher/error.ftl"): Found
  DEBUG qtp1973233403-18 freemarker.cache - Loading template for "org/apache/struts2/dispatcher/error.ftl"("zh_CN", UTF-8, parsed) from "jar:file:/D:/j2ee_solution/mvn_repository/org/apache/struts/struts2-core/2.5.8/struts2-core-2.5.8.jar!/org/apache/struts2/dispatcher/error.ftl"
  DEBUG qtp1973233403-17 freemarker.cache - Couldn't find template in cache for "org/apache/struts2/dispatcher/error.ftl"("zh_CN", UTF-8, parsed); will try to load it.
  DEBUG qtp1973233403-17 freemarker.cache - TemplateLoader.findTemplateSource("org/apache/struts2/dispatcher/error.ftl"): Found
  DEBUG qtp1973233403-17 freemarker.cache - Loading template for "org/apache/struts2/dispatcher/error.ftl"("zh_CN", UTF-8, parsed) from "jar:file:/D:/j2ee_solution/mvn_repository/org/apache/struts/struts2-core/2.5.8/struts2-core-2.5.8.jar!/org/apache/struts2/dispatcher/error.ftl"
  DEBUG qtp1973233403-19 freemarker.cache - Couldn't find template in cache for "org/apache/struts2/dispatcher/error.ftl"("zh_CN", UTF-8, parsed); will try to load it.
  DEBUG qtp1973233403-19 freemarker.cache - TemplateLoader.findTemplateSource("org/apache/struts2/dispatcher/error.ftl"): Found
  DEBUG qtp1973233403-19 freemarker.cache - Loading template for "org/apache/struts2/dispatcher/error.ftl"("zh_CN", UTF-8, parsed) from "jar:file:/D:/j2ee_solution/mvn_repository/org/apache/struts/struts2-core/2.5.8/struts2-core-2.5.8.jar!/org/apache/struts2/dispatcher/error.ftl"
  DEBUG qtp1973233403-20 freemarker.cache - Couldn't find template in cache for "org/apache/struts2/dispatcher/error.ftl"("zh_CN", UTF-8, parsed); will try to load it.
  DEBUG qtp1973233403-20 freemarker.cache - TemplateLoader.findTemplateSource("org/apache/struts2/dispatcher/error.ftl"): Found
  DEBUG qtp1973233403-20 freemarker.cache - Loading template for "org/apache/struts2/dispatcher/error.ftl"("zh_CN", UTF-8, parsed) from "jar:file:/D:/j2ee_solution/mvn_repository/org/apache/struts/struts2-core/2.5.8/struts2-core-2.5.8.jar!/org/apache/struts2/dispatcher/error.ftl"
  DEBUG qtp1973233403-21 freemarker.cache - Couldn't find template in cache for "org/apache/struts2/dispatcher/error.ftl"("zh_CN", UTF-8, parsed); will try to load it.
  DEBUG qtp1973233403-21 freemarker.cache - TemplateLoader.findTemplateSource("org/apache/struts2/dispatcher/error.ftl"): Found
  DEBUG qtp1973233403-21 freemarker.cache - Loading template for "org/apache/struts2/dispatcher/error.ftl"("zh_CN", UTF-8, parsed) from "jar:file:/D:/j2ee_solution/mvn_repository/org/apache/struts/struts2-core/2.5.8/struts2-core-2.5.8.jar!/org/apache/struts2/dispatcher/error.ftl"
  DEBUG qtp1973233403-15 freemarker.cache - Couldn't find template in cache for "org/apache/struts2/dispatcher/error.ftl"("zh_CN", UTF-8, parsed); will try to load it.
  DEBUG qtp1973233403-15 freemarker.cache - TemplateLoader.findTemplateSource("org/apache/struts2/dispatcher/error.ftl"): Found
  DEBUG qtp1973233403-15 freemarker.cache - Loading template for "org/apache/struts2/dispatcher/error.ftl"("zh_CN", UTF-8, parsed) from "jar:file:/D:/j2ee_solution/mvn_repository/org/apache/struts/struts2-core/2.5.8/struts2-core-2.5.8.jar!/org/apache/struts2/dispatcher/error.ftl"
  DEBUG qtp1973233403-18 freemarker.cache - Couldn't find template in cache for "org/apache/struts2/dispatcher/error.ftl"("zh_CN", UTF-8, parsed); will try to load it.
  DEBUG qtp1973233403-18 freemarker.cache - TemplateLoader.findTemplateSource("org/apache/struts2/dispatcher/error.ftl"): Found
  DEBUG qtp1973233403-18 freemarker.cache - Loading template for "org/apache/struts2/dispatcher/error.ftl"("zh_CN", UTF-8, parsed) from "jar:file:/D:/j2ee_solution/mvn_repository/org/apache/struts/struts2-core/2.5.8/struts2-core-2.5.8.jar!/org/apache/struts2/dispatcher/error.ftl"
  DEBUG qtp1048855692-18 freemarker.cache - Couldn't find template in cache for "org/apache/struts2/dispatcher/error.ftl"("zh_CN", UTF-8, parsed); will try to load it.
  DEBUG qtp1048855692-18 freemarker.cache - TemplateLoader.findTemplateSource("org/apache/struts2/dispatcher/error.ftl"): Found
  DEBUG qtp1048855692-18 freemarker.cache - Loading template for "org/apache/struts2/dispatcher/error.ftl"("zh_CN", UTF-8, parsed) from "jar:file:/D:/j2ee_solution/mvn_repository/org/apache/struts/struts2-core/2.5.8/struts2-core-2.5.8.jar!/org/apache/struts2/dispatcher/error.ftl"
  DEBUG qtp1048855692-14 freemarker.cache - Couldn't find template in cache for "org/apache/struts2/dispatcher/error.ftl"("zh_CN", UTF-8, parsed); will try to load it.
  DEBUG qtp1048855692-14 freemarker.cache - TemplateLoader.findTemplateSource("org/apache/struts2/dispatcher/error.ftl"): Found
  DEBUG qtp1048855692-14 freemarker.cache - Loading template for "org/apache/struts2/dispatcher/error.ftl"("zh_CN", UTF-8, parsed) from "jar:file:/D:/j2ee_solution/mvn_repository/org/apache/struts/struts2-core/2.5.8/struts2-core-2.5.8.jar!/org/apache/struts2/dispatcher/error.ftl"
  DEBUG qtp1048855692-14 freemarker.cache - Couldn't find template in cache for "org/apache/struts2/dispatcher/error.ftl"("zh_CN", UTF-8, parsed); will try to load it.
  DEBUG qtp1048855692-14 freemarker.cache - TemplateLoader.findTemplateSource("org/apache/struts2/dispatcher/error.ftl"): Found
  DEBUG qtp1048855692-14 freemarker.cache - Loading template for "org/apache/struts2/dispatcher/error.ftl"("zh_CN", UTF-8, parsed) from "jar:file:/D:/j2ee_solution/mvn_repository/org/apache/struts/struts2-core/2.5.8/struts2-core-2.5.8.jar!/org/apache/struts2/dispatcher/error.ftl"
  DEBUG qtp1048855692-15 freemarker.cache - Couldn't find template in cache for "org/apache/struts2/dispatcher/error.ftl"("zh_CN", UTF-8, parsed); will try to load it.
  DEBUG qtp1048855692-15 freemarker.cache - TemplateLoader.findTemplateSource("org/apache/struts2/dispatcher/error.ftl"): Found
  DEBUG qtp1048855692-15 freemarker.cache - Loading template for "org/apache/struts2/dispatcher/error.ftl"("zh_CN", UTF-8, parsed) from "jar:file:/D:/j2ee_solution/mvn_repository/org/apache/struts/struts2-core/2.5.8/struts2-core-2.5.8.jar!/org/apache/struts2/dispatcher/error.ftl"
  DEBUG qtp1048855692-16 freemarker.cache - Couldn't find template in cache for "org/apache/struts2/dispatcher/error.ftl"("zh_CN", UTF-8, parsed); will try to load it.
  DEBUG qtp1048855692-16 freemarker.cache - TemplateLoader.findTemplateSource("org/apache/struts2/dispatcher/error.ftl"): Found
  DEBUG qtp1048855692-16 freemarker.cache - Loading template for "org/apache/struts2/dispatcher/error.ftl"("zh_CN", UTF-8, parsed) from "jar:file:/D:/j2ee_solution/mvn_repository/org/apache/struts/struts2-core/2.5.8/struts2-core-2.5.8.jar!/org/apache/struts2/dispatcher/error.ftl"
  DEBUG qtp1048855692-19 freemarker.cache - Couldn't find template in cache for "org/apache/struts2/dispatcher/error.ftl"("zh_CN", UTF-8, parsed); will try to load it.
  DEBUG qtp1048855692-19 freemarker.cache - TemplateLoader.findTemplateSource("org/apache/struts2/dispatcher/error.ftl"): Found
  DEBUG qtp1048855692-19 freemarker.cache - Loading template for "org/apache/struts2/dispatcher/error.ftl"("zh_CN", UTF-8, parsed) from "jar:file:/D:/j2ee_solution/mvn_repository/org/apache/struts/struts2-core/2.5.8/struts2-core-2.5.8.jar!/org/apache/struts2/dispatcher/error.ftl"
  DEBUG qtp1048855692-20 freemarker.cache - Couldn't find template in cache for "org/apache/struts2/dispatcher/error.ftl"("zh_CN", UTF-8, parsed); will try to load it.
  DEBUG qtp1048855692-20 freemarker.cache - TemplateLoader.findTemplateSource("org/apache/struts2/dispatcher/error.ftl"): Found
  DEBUG qtp1048855692-20 freemarker.cache - Loading template for "org/apache/struts2/dispatcher/error.ftl"("zh_CN", UTF-8, parsed) from "jar:file:/D:/j2ee_solution/mvn_repository/org/apache/struts/struts2-core/2.5.8/struts2-core-2.5.8.jar!/org/apache/struts2/dispatcher/error.ftl"
  DEBUG qtp1048855692-14 freemarker.cache - Couldn't find template in cache for "org/apache/struts2/dispatcher/error.ftl"("zh_CN", UTF-8, parsed); will try to load it.
  DEBUG qtp1048855692-14 freemarker.cache - TemplateLoader.findTemplateSource("org/apache/struts2/dispatcher/error.ftl"): Found
  DEBUG qtp1048855692-14 freemarker.cache - Loading template for "org/apache/struts2/dispatcher/error.ftl"("zh_CN", UTF-8, parsed) from "jar:file:/D:/j2ee_solution/mvn_repository/org/apache/struts/struts2-core/2.5.8/struts2-core-2.5.8.jar!/org/apache/struts2/dispatcher/error.ftl"
  DEBUG qtp1048855692-18 freemarker.cache - Couldn't find template in cache for "org/apache/struts2/dispatcher/error.ftl"("zh_CN", UTF-8, parsed); will try to load it.
  DEBUG qtp1048855692-18 freemarker.cache - TemplateLoader.findTemplateSource("org/apache/struts2/dispatcher/error.ftl"): Found
  DEBUG qtp1048855692-18 freemarker.cache - Loading template for "org/apache/struts2/dispatcher/error.ftl"("zh_CN", UTF-8, parsed) from "jar:file:/D:/j2ee_solution/mvn_repository/org/apache/struts/struts2-core/2.5.8/struts2-core-2.5.8.jar!/org/apache/struts2/dispatcher/error.ftl"
  DEBUG qtp1048855692-15 freemarker.cache - Couldn't find template in cache for "org/apache/struts2/dispatcher/error.ftl"("zh_CN", UTF-8, parsed); will try to load it.
  DEBUG qtp1048855692-15 freemarker.cache - TemplateLoader.findTemplateSource("org/apache/struts2/dispatcher/error.ftl"): Found
  DEBUG qtp1048855692-15 freemarker.cache - Loading template for "org/apache/struts2/dispatcher/error.ftl"("zh_CN", UTF-8, parsed) from "jar:file:/D:/j2ee_solution/mvn_repository/org/apache/struts/struts2-core/2.5.8/struts2-core-2.5.8.jar!/org/apache/struts2/dispatcher/error.ftl"
  DEBUG qtp1048855692-21 freemarker.cache - Couldn't find template in cache for "org/apache/struts2/dispatcher/error.ftl"("zh_CN", UTF-8, parsed); will try to load it.
  DEBUG qtp1048855692-21 freemarker.cache - TemplateLoader.findTemplateSource("org/apache/struts2/dispatcher/error.ftl"): Found
  DEBUG qtp1048855692-21 freemarker.cache - Loading template for "org/apache/struts2/dispatcher/error.ftl"("zh_CN", UTF-8, parsed) from "jar:file:/D:/j2ee_solution/mvn_repository/org/apache/struts/struts2-core/2.5.8/struts2-core-2.5.8.jar!/org/apache/struts2/dispatcher/error.ftl"
  DEBUG qtp1048855692-18 freemarker.cache - Couldn't find template in cache for "org/apache/struts2/dispatcher/error.ftl"("zh_CN", UTF-8, parsed); will try to load it.
  DEBUG qtp1048855692-18 freemarker.cache - TemplateLoader.findTemplateSource("org/apache/struts2/dispatcher/error.ftl"): Found
  DEBUG qtp1048855692-18 freemarker.cache - Loading template for "org/apache/struts2/dispatcher/error.ftl"("zh_CN", UTF-8, parsed) from "jar:file:/D:/j2ee_solution/mvn_repository/org/apache/struts/struts2-core/2.5.8/struts2-core-2.5.8.jar!/org/apache/struts2/dispatcher/error.ftl"
  DEBUG qtp1048855692-15 freemarker.cache - Couldn't find template in cache for "org/apache/struts2/dispatcher/error.ftl"("zh_CN", UTF-8, parsed); will try to load it.
  DEBUG qtp1048855692-15 freemarker.cache - TemplateLoader.findTemplateSource("org/apache/struts2/dispatcher/error.ftl"): Found
  DEBUG qtp1048855692-15 freemarker.cache - Loading template for "org/apache/struts2/dispatcher/error.ftl"("zh_CN", UTF-8, parsed) from "jar:file:/D:/j2ee_solution/mvn_repository/org/apache/struts/struts2-core/2.5.8/struts2-core-2.5.8.jar!/org/apache/struts2/dispatcher/error.ftl"
  DEBUG qtp1048855692-17 freemarker.cache - Couldn't find template in cache for "org/apache/struts2/dispatcher/error.ftl"("zh_CN", UTF-8, parsed); will try to load it.
  DEBUG qtp1048855692-17 freemarker.cache - TemplateLoader.findTemplateSource("org/apache/struts2/dispatcher/error.ftl"): Found
  DEBUG qtp1048855692-17 freemarker.cache - Loading template for "org/apache/struts2/dispatcher/error.ftl"("zh_CN", UTF-8, parsed) from "jar:file:/D:/j2ee_solution/mvn_repository/org/apache/struts/struts2-core/2.5.8/struts2-core-2.5.8.jar!/org/apache/struts2/dispatcher/error.ftl"
  DEBUG qtp1048855692-15 freemarker.cache - Couldn't find template in cache for "org/apache/struts2/dispatcher/error.ftl"("zh_CN", UTF-8, parsed); will try to load it.
  DEBUG qtp1048855692-15 freemarker.cache - TemplateLoader.findTemplateSource("org/apache/struts2/dispatcher/error.ftl"): Found
  DEBUG qtp1048855692-15 freemarker.cache - Loading template for "org/apache/struts2/dispatcher/error.ftl"("zh_CN", UTF-8, parsed) from "jar:file:/D:/j2ee_solution/mvn_repository/org/apache/struts/struts2-core/2.5.8/struts2-core-2.5.8.jar!/org/apache/struts2/dispatcher/error.ftl"
  DEBUG qtp1048855692-20 freemarker.cache - Couldn't find template in cache for "org/apache/struts2/dispatcher/error.ftl"("zh_CN", UTF-8, parsed); will try to load it.
  DEBUG qtp1048855692-20 freemarker.cache - TemplateLoader.findTemplateSource("org/apache/struts2/dispatcher/error.ftl"): Found
  DEBUG qtp1048855692-20 freemarker.cache - Loading template for "org/apache/struts2/dispatcher/error.ftl"("zh_CN", UTF-8, parsed) from "jar:file:/D:/j2ee_solution/mvn_repository/org/apache/struts/struts2-core/2.5.8/struts2-core-2.5.8.jar!/org/apache/struts2/dispatcher/error.ftl"
  DEBUG qtp1048855692-17 freemarker.cache - Couldn't find template in cache for "org/apache/struts2/dispatcher/error.ftl"("zh_CN", UTF-8, parsed); will try to load it.
  DEBUG qtp1048855692-17 freemarker.cache - TemplateLoader.findTemplateSource("org/apache/struts2/dispatcher/error.ftl"): Found
  DEBUG qtp1048855692-17 freemarker.cache - Loading template for "org/apache/struts2/dispatcher/error.ftl"("zh_CN", UTF-8, parsed) from "jar:file:/D:/j2ee_solution/mvn_repository/org/apache/struts/struts2-core/2.5.8/struts2-core-2.5.8.jar!/org/apache/struts2/dispatcher/error.ftl"
  DEBUG qtp1048855692-19 freemarker.cache - Couldn't find template in cache for "org/apache/struts2/dispatcher/error.ftl"("zh_CN", UTF-8, parsed); will try to load it.
  DEBUG qtp1048855692-19 freemarker.cache - TemplateLoader.findTemplateSource("org/apache/struts2/dispatcher/error.ftl"): Found
  DEBUG qtp1048855692-19 freemarker.cache - Loading template for "org/apache/struts2/dispatcher/error.ftl"("zh_CN", UTF-8, parsed) from "jar:file:/D:/j2ee_solution/mvn_repository/org/apache/struts/struts2-core/2.5.8/struts2-core-2.5.8.jar!/org/apache/struts2/dispatcher/error.ftl"
  DEBUG qtp1684792003-12 freemarker.cache - Couldn't find template in cache for "org/apache/struts2/dispatcher/error.ftl"("zh_CN", UTF-8, parsed); will try to load it.
  DEBUG qtp1684792003-12 freemarker.cache - TemplateLoader.findTemplateSource("org/apache/struts2/dispatcher/error.ftl"): Found
  DEBUG qtp1684792003-12 freemarker.cache - Loading template for "org/apache/struts2/dispatcher/error.ftl"("zh_CN", UTF-8, parsed) from "jar:file:/D:/j2ee_solution/mvn_repository/org/apache/struts/struts2-core/2.5.8/struts2-core-2.5.8.jar!/org/apache/struts2/dispatcher/error.ftl"
  DEBUG qtp1684792003-13 freemarker.cache - Couldn't find template in cache for "org/apache/struts2/dispatcher/error.ftl"("zh_CN", UTF-8, parsed); will try to load it.
  DEBUG qtp1684792003-13 freemarker.cache - TemplateLoader.findTemplateSource("org/apache/struts2/dispatcher/error.ftl"): Found
  DEBUG qtp1684792003-13 freemarker.cache - Loading template for "org/apache/struts2/dispatcher/error.ftl"("zh_CN", UTF-8, parsed) from "jar:file:/D:/j2ee_solution/mvn_repository/org/apache/struts/struts2-core/2.5.8/struts2-core-2.5.8.jar!/org/apache/struts2/dispatcher/error.ftl"
  DEBUG qtp1973233403-21 freemarker.cache - Couldn't find template in cache for "org/apache/struts2/dispatcher/error.ftl"("zh_CN", UTF-8, parsed); will try to load it.
  DEBUG qtp1973233403-21 freemarker.cache - TemplateLoader.findTemplateSource("org/apache/struts2/dispatcher/error.ftl"): Found
  DEBUG qtp1973233403-21 freemarker.cache - Loading template for "org/apache/struts2/dispatcher/error.ftl"("zh_CN", UTF-8, parsed) from "jar:file:/D:/j2ee_solution/mvn_repository/org/apache/struts/struts2-core/2.5.8/struts2-core-2.5.8.jar!/org/apache/struts2/dispatcher/error.ftl"
  DEBUG qtp1973233403-19 freemarker.cache - Couldn't find template in cache for "org/apache/struts2/dispatcher/error.ftl"("zh_CN", UTF-8, parsed); will try to load it.
  DEBUG qtp1973233403-19 freemarker.cache - TemplateLoader.findTemplateSource("org/apache/struts2/dispatcher/error.ftl"): Found
  DEBUG qtp1973233403-19 freemarker.cache - Loading template for "org/apache/struts2/dispatcher/error.ftl"("zh_CN", UTF-8, parsed) from "jar:file:/D:/j2ee_solution/mvn_repository/org/apache/struts/struts2-core/2.5.8/struts2-core-2.5.8.jar!/org/apache/struts2/dispatcher/error.ftl"
  DEBUG qtp1973233403-14 freemarker.cache - Couldn't find template in cache for "org/apache/struts2/dispatcher/error.ftl"("zh_CN", UTF-8, parsed); will try to load it.
  DEBUG qtp1973233403-14 freemarker.cache - TemplateLoader.findTemplateSource("org/apache/struts2/dispatcher/error.ftl"): Found
  DEBUG qtp1973233403-14 freemarker.cache - Loading template for "org/apache/struts2/dispatcher/error.ftl"("zh_CN", UTF-8, parsed) from "jar:file:/D:/j2ee_solution/mvn_repository/org/apache/struts/struts2-core/2.5.8/struts2-core-2.5.8.jar!/org/apache/struts2/dispatcher/error.ftl"
  DEBUG qtp1973233403-20 freemarker.cache - Couldn't find template in cache for "org/apache/struts2/dispatcher/error.ftl"("zh_CN", UTF-8, parsed); will try to load it.
  DEBUG qtp1973233403-20 freemarker.cache - TemplateLoader.findTemplateSource("org/apache/struts2/dispatcher/error.ftl"): Found
  DEBUG qtp1973233403-20 freemarker.cache - Loading template for "org/apache/struts2/dispatcher/error.ftl"("zh_CN", UTF-8, parsed) from "jar:file:/D:/j2ee_solution/mvn_repository/org/apache/struts/struts2-core/2.5.8/struts2-core-2.5.8.jar!/org/apache/struts2/dispatcher/error.ftl"
  DEBUG qtp1973233403-16 freemarker.cache - Couldn't find template in cache for "org/apache/struts2/dispatcher/error.ftl"("zh_CN", UTF-8, parsed); will try to load it.
  DEBUG qtp1973233403-16 freemarker.cache - TemplateLoader.findTemplateSource("org/apache/struts2/dispatcher/error.ftl"): Found
  DEBUG qtp1973233403-16 freemarker.cache - Loading template for "org/apache/struts2/dispatcher/error.ftl"("zh_CN", UTF-8, parsed) from "jar:file:/D:/j2ee_solution/mvn_repository/org/apache/struts/struts2-core/2.5.8/struts2-core-2.5.8.jar!/org/apache/struts2/dispatcher/error.ftl"
  DEBUG qtp282265585-18 freemarker.cache - Couldn't find template in cache for "org/apache/struts2/dispatcher/error.ftl"("zh_CN", UTF-8, parsed); will try to load it.
  DEBUG qtp282265585-18 freemarker.cache - TemplateLoader.findTemplateSource("org/apache/struts2/dispatcher/error.ftl"): Found
  DEBUG qtp282265585-18 freemarker.cache - Loading template for "org/apache/struts2/dispatcher/error.ftl"("zh_CN", UTF-8, parsed) from "jar:file:/D:/j2ee_solution/mvn_repository/org/apache/struts/struts2-core/2.5.8/struts2-core-2.5.8.jar!/org/apache/struts2/dispatcher/error.ftl"
  DEBUG qtp1973233403-21 freemarker.cache - Couldn't find template in cache for "org/apache/struts2/dispatcher/error.ftl"("zh_CN", UTF-8, parsed); will try to load it.
  DEBUG qtp1973233403-21 freemarker.cache - TemplateLoader.findTemplateSource("org/apache/struts2/dispatcher/error.ftl"): Found
  DEBUG qtp1973233403-21 freemarker.cache - Loading template for "org/apache/struts2/dispatcher/error.ftl"("zh_CN", UTF-8, parsed) from "jar:file:/D:/j2ee_solution/mvn_repository/org/apache/struts/struts2-core/2.5.8/struts2-core-2.5.8.jar!/org/apache/struts2/dispatcher/error.ftl"
  DEBUG qtp1973233403-20 freemarker.cache - Couldn't find template in cache for "org/apache/struts2/dispatcher/error.ftl"("zh_CN", UTF-8, parsed); will try to load it.
  DEBUG qtp1973233403-20 freemarker.cache - TemplateLoader.findTemplateSource("org/apache/struts2/dispatcher/error.ftl"): Found
  DEBUG qtp1973233403-20 freemarker.cache - Loading template for "org/apache/struts2/dispatcher/error.ftl"("zh_CN", UTF-8, parsed) from "jar:file:/D:/j2ee_solution/mvn_repository/org/apache/struts/struts2-core/2.5.8/struts2-core-2.5.8.jar!/org/apache/struts2/dispatcher/error.ftl"
  DEBUG qtp1973233403-20 freemarker.cache - Couldn't find template in cache for "org/apache/struts2/dispatcher/error.ftl"("zh_CN", UTF-8, parsed); will try to load it.
  DEBUG qtp1973233403-20 freemarker.cache - TemplateLoader.findTemplateSource("org/apache/struts2/dispatcher/error.ftl"): Found
  DEBUG qtp1973233403-20 freemarker.cache - Loading template for "org/apache/struts2/dispatcher/error.ftl"("zh_CN", UTF-8, parsed) from "jar:file:/D:/j2ee_solution/mvn_repository/org/apache/struts/struts2-core/2.5.8/struts2-core-2.5.8.jar!/org/apache/struts2/dispatcher/error.ftl"
  DEBUG qtp1973233403-21 freemarker.cache - Couldn't find template in cache for "org/apache/struts2/dispatcher/error.ftl"("zh_CN", UTF-8, parsed); will try to load it.
  DEBUG qtp1973233403-21 freemarker.cache - TemplateLoader.findTemplateSource("org/apache/struts2/dispatcher/error.ftl"): Found
  DEBUG qtp1973233403-21 freemarker.cache - Loading template for "org/apache/struts2/dispatcher/error.ftl"("zh_CN", UTF-8, parsed) from "jar:file:/D:/j2ee_solution/mvn_repository/org/apache/struts/struts2-core/2.5.8/struts2-core-2.5.8.jar!/org/apache/struts2/dispatcher/error.ftl"
  DEBUG qtp1973233403-15 freemarker.cache - Couldn't find template in cache for "org/apache/struts2/dispatcher/error.ftl"("zh_CN", UTF-8, parsed); will try to load it.
  DEBUG qtp1973233403-15 freemarker.cache - TemplateLoader.findTemplateSource("org/apache/struts2/dispatcher/error.ftl"): Found
  DEBUG qtp1973233403-15 freemarker.cache - Loading template for "org/apache/struts2/dispatcher/error.ftl"("zh_CN", UTF-8, parsed) from "jar:file:/D:/j2ee_solution/mvn_repository/org/apache/struts/struts2-core/2.5.8/struts2-core-2.5.8.jar!/org/apache/struts2/dispatcher/error.ftl"
  DEBUG qtp1973233403-19 freemarker.cache - Couldn't find template in cache for "org/apache/struts2/dispatcher/error.ftl"("zh_CN", UTF-8, parsed); will try to load it.
  DEBUG qtp1973233403-19 freemarker.cache - TemplateLoader.findTemplateSource("org/apache/struts2/dispatcher/error.ftl"): Found
  DEBUG qtp1973233403-19 freemarker.cache - Loading template for "org/apache/struts2/dispatcher/error.ftl"("zh_CN", UTF-8, parsed) from "jar:file:/D:/j2ee_solution/mvn_repository/org/apache/struts/struts2-core/2.5.8/struts2-core-2.5.8.jar!/org/apache/struts2/dispatcher/error.ftl"
  DEBUG qtp1973233403-19 freemarker.cache - Couldn't find template in cache for "org/apache/struts2/dispatcher/error.ftl"("zh_CN", UTF-8, parsed); will try to load it.
  DEBUG qtp1973233403-19 freemarker.cache - TemplateLoader.findTemplateSource("org/apache/struts2/dispatcher/error.ftl"): Found
  DEBUG qtp1973233403-19 freemarker.cache - Loading template for "org/apache/struts2/dispatcher/error.ftl"("zh_CN", UTF-8, parsed) from "jar:file:/D:/j2ee_solution/mvn_repository/org/apache/struts/struts2-core/2.5.8/struts2-core-2.5.8.jar!/org/apache/struts2/dispatcher/error.ftl"
  DEBUG qtp1973233403-29 com.openshift.internal.restclient.okhttp.ResponseCodeInterceptor - Response{protocol=http/1.1, code=500, message=Internal Server Error, url=https://cloudapps.2dfire.net:8443/oauth/authorize?response_type=token&client_id=openshift-challenging-client}
  DEBUG qtp1117519786-14 freemarker.cache - Couldn't find template in cache for "org/apache/struts2/dispatcher/error.ftl"("zh_CN", UTF-8, parsed); will try to load it.
  DEBUG qtp1117519786-14 freemarker.cache - TemplateLoader.findTemplateSource("org/apache/struts2/dispatcher/error.ftl"): Found
  DEBUG qtp1117519786-14 freemarker.cache - Loading template for "org/apache/struts2/dispatcher/error.ftl"("zh_CN", UTF-8, parsed) from "jar:file:/D:/j2ee_solution/mvn_repository/org/apache/struts/struts2-core/2.5.8/struts2-core-2.5.8.jar!/org/apache/struts2/dispatcher/error.ftl"
  DEBUG qtp1117519786-18 freemarker.cache - Couldn't find template in cache for "org/apache/struts2/dispatcher/error.ftl"("zh_CN", UTF-8, parsed); will try to load it.
  DEBUG qtp1117519786-18 freemarker.cache - TemplateLoader.findTemplateSource("org/apache/struts2/dispatcher/error.ftl"): Found
  DEBUG qtp1117519786-18 freemarker.cache - Loading template for "org/apache/struts2/dispatcher/error.ftl"("zh_CN", UTF-8, parsed) from "jar:file:/D:/j2ee_solution/mvn_repository/org/apache/struts/struts2-core/2.5.8/struts2-core-2.5.8.jar!/org/apache/struts2/dispatcher/error.ftl"
  DEBUG qtp1117519786-19 freemarker.cache - Couldn't find template in cache for "org/apache/struts2/dispatcher/error.ftl"("zh_CN", UTF-8, parsed); will try to load it.
  DEBUG qtp1117519786-19 freemarker.cache - TemplateLoader.findTemplateSource("org/apache/struts2/dispatcher/error.ftl"): Found
  DEBUG qtp1117519786-19 freemarker.cache - Loading template for "org/apache/struts2/dispatcher/error.ftl"("zh_CN", UTF-8, parsed) from "jar:file:/D:/j2ee_solution/mvn_repository/org/apache/struts/struts2-core/2.5.8/struts2-core-2.5.8.jar!/org/apache/struts2/dispatcher/error.ftl"
  DEBUG qtp1973233403-19 freemarker.cache - Couldn't find template in cache for "org/apache/struts2/dispatcher/error.ftl"("zh_CN", UTF-8, parsed); will try to load it.
  DEBUG qtp1973233403-19 freemarker.cache - TemplateLoader.findTemplateSource("org/apache/struts2/dispatcher/error.ftl"): Found
  DEBUG qtp1973233403-19 freemarker.cache - Loading template for "org/apache/struts2/dispatcher/error.ftl"("zh_CN", UTF-8, parsed) from "jar:file:/D:/j2ee_solution/mvn_repository/org/apache/struts/struts2-core/2.5.8/struts2-core-2.5.8.jar!/org/apache/struts2/dispatcher/error.ftl"
  DEBUG qtp1936722816-20 freemarker.cache - Couldn't find template in cache for "org/apache/struts2/dispatcher/error.ftl"("zh_CN", UTF-8, parsed); will try to load it.
  DEBUG qtp1936722816-20 freemarker.cache - TemplateLoader.findTemplateSource("org/apache/struts2/dispatcher/error.ftl"): Found
  DEBUG qtp1936722816-20 freemarker.cache - Loading template for "org/apache/struts2/dispatcher/error.ftl"("zh_CN", UTF-8, parsed) from "jar:file:/D:/j2ee_solution/mvn_repository/org/apache/struts/struts2-core/2.5.8/struts2-core-2.5.8.jar!/org/apache/struts2/dispatcher/error.ftl"
  DEBUG qtp1936722816-17 freemarker.cache - Couldn't find template in cache for "org/apache/struts2/dispatcher/error.ftl"("zh_CN", UTF-8, parsed); will try to load it.
  DEBUG qtp1936722816-17 freemarker.cache - TemplateLoader.findTemplateSource("org/apache/struts2/dispatcher/error.ftl"): Found
  DEBUG qtp1936722816-17 freemarker.cache - Loading template for "org/apache/struts2/dispatcher/error.ftl"("zh_CN", UTF-8, parsed) from "jar:file:/D:/j2ee_solution/mvn_repository/org/apache/struts/struts2-core/2.5.8/struts2-core-2.5.8.jar!/org/apache/struts2/dispatcher/error.ftl"
  DEBUG qtp1936722816-19 freemarker.cache - Couldn't find template in cache for "org/apache/struts2/dispatcher/error.ftl"("zh_CN", UTF-8, parsed); will try to load it.
  DEBUG qtp1936722816-19 freemarker.cache - TemplateLoader.findTemplateSource("org/apache/struts2/dispatcher/error.ftl"): Found
  DEBUG qtp1936722816-19 freemarker.cache - Loading template for "org/apache/struts2/dispatcher/error.ftl"("zh_CN", UTF-8, parsed) from "jar:file:/D:/j2ee_solution/mvn_repository/org/apache/struts/struts2-core/2.5.8/struts2-core-2.5.8.jar!/org/apache/struts2/dispatcher/error.ftl"
  DEBUG qtp1936722816-21 freemarker.cache - Couldn't find template in cache for "org/apache/struts2/dispatcher/error.ftl"("zh_CN", UTF-8, parsed); will try to load it.
  DEBUG qtp1936722816-21 freemarker.cache - TemplateLoader.findTemplateSource("org/apache/struts2/dispatcher/error.ftl"): Found
  DEBUG qtp1936722816-21 freemarker.cache - Loading template for "org/apache/struts2/dispatcher/error.ftl"("zh_CN", UTF-8, parsed) from "jar:file:/D:/j2ee_solution/mvn_repository/org/apache/struts/struts2-core/2.5.8/struts2-core-2.5.8.jar!/org/apache/struts2/dispatcher/error.ftl"
  DEBUG qtp1936722816-16 freemarker.cache - Couldn't find template in cache for "org/apache/struts2/dispatcher/error.ftl"("zh_CN", UTF-8, parsed); will try to load it.
  DEBUG qtp1936722816-16 freemarker.cache - TemplateLoader.findTemplateSource("org/apache/struts2/dispatcher/error.ftl"): Found
  DEBUG qtp1936722816-16 freemarker.cache - Loading template for "org/apache/struts2/dispatcher/error.ftl"("zh_CN", UTF-8, parsed) from "jar:file:/D:/j2ee_solution/mvn_repository/org/apache/struts/struts2-core/2.5.8/struts2-core-2.5.8.jar!/org/apache/struts2/dispatcher/error.ftl"
  DEBUG qtp1936722816-21 freemarker.cache - Couldn't find template in cache for "org/apache/struts2/dispatcher/error.ftl"("zh_CN", UTF-8, parsed); will try to load it.
  DEBUG qtp1936722816-21 freemarker.cache - TemplateLoader.findTemplateSource("org/apache/struts2/dispatcher/error.ftl"): Found
  DEBUG qtp1936722816-21 freemarker.cache - Loading template for "org/apache/struts2/dispatcher/error.ftl"("zh_CN", UTF-8, parsed) from "jar:file:/D:/j2ee_solution/mvn_repository/org/apache/struts/struts2-core/2.5.8/struts2-core-2.5.8.jar!/org/apache/struts2/dispatcher/error.ftl"
  DEBUG qtp1936722816-20 freemarker.cache - Couldn't find template in cache for "org/apache/struts2/dispatcher/error.ftl"("zh_CN", UTF-8, parsed); will try to load it.
  DEBUG qtp1936722816-20 freemarker.cache - TemplateLoader.findTemplateSource("org/apache/struts2/dispatcher/error.ftl"): Found
  DEBUG qtp1936722816-20 freemarker.cache - Loading template for "org/apache/struts2/dispatcher/error.ftl"("zh_CN", UTF-8, parsed) from "jar:file:/D:/j2ee_solution/mvn_repository/org/apache/struts/struts2-core/2.5.8/struts2-core-2.5.8.jar!/org/apache/struts2/dispatcher/error.ftl"
  DEBUG qtp1936722816-19 freemarker.cache - Couldn't find template in cache for "org/apache/struts2/dispatcher/error.ftl"("zh_CN", UTF-8, parsed); will try to load it.
  DEBUG qtp1936722816-19 freemarker.cache - TemplateLoader.findTemplateSource("org/apache/struts2/dispatcher/error.ftl"): Found
  DEBUG qtp1936722816-19 freemarker.cache - Loading template for "org/apache/struts2/dispatcher/error.ftl"("zh_CN", UTF-8, parsed) from "jar:file:/D:/j2ee_solution/mvn_repository/org/apache/struts/struts2-core/2.5.8/struts2-core-2.5.8.jar!/org/apache/struts2/dispatcher/error.ftl"
  DEBUG qtp1936722816-20 freemarker.cache - Couldn't find template in cache for "org/apache/struts2/dispatcher/error.ftl"("zh_CN", UTF-8, parsed); will try to load it.
  DEBUG qtp1936722816-20 freemarker.cache - TemplateLoader.findTemplateSource("org/apache/struts2/dispatcher/error.ftl"): Found
  DEBUG qtp1936722816-20 freemarker.cache - Loading template for "org/apache/struts2/dispatcher/error.ftl"("zh_CN", UTF-8, parsed) from "jar:file:/D:/j2ee_solution/mvn_repository/org/apache/struts/struts2-core/2.5.8/struts2-core-2.5.8.jar!/org/apache/struts2/dispatcher/error.ftl"
  DEBUG qtp1936722816-19 freemarker.cache - Couldn't find template in cache for "org/apache/struts2/dispatcher/error.ftl"("zh_CN", UTF-8, parsed); will try to load it.
  DEBUG qtp1936722816-19 freemarker.cache - TemplateLoader.findTemplateSource("org/apache/struts2/dispatcher/error.ftl"): Found
  DEBUG qtp1936722816-19 freemarker.cache - Loading template for "org/apache/struts2/dispatcher/error.ftl"("zh_CN", UTF-8, parsed) from "jar:file:/D:/j2ee_solution/mvn_repository/org/apache/struts/struts2-core/2.5.8/struts2-core-2.5.8.jar!/org/apache/struts2/dispatcher/error.ftl"
  DEBUG qtp1936722816-16 freemarker.cache - Couldn't find template in cache for "org/apache/struts2/dispatcher/error.ftl"("zh_CN", UTF-8, parsed); will try to load it.
  DEBUG qtp1936722816-16 freemarker.cache - TemplateLoader.findTemplateSource("org/apache/struts2/dispatcher/error.ftl"): Found
  DEBUG qtp1936722816-16 freemarker.cache - Loading template for "org/apache/struts2/dispatcher/error.ftl"("zh_CN", UTF-8, parsed) from "jar:file:/D:/j2ee_solution/mvn_repository/org/apache/struts/struts2-core/2.5.8/struts2-core-2.5.8.jar!/org/apache/struts2/dispatcher/error.ftl"
  